=== Training started at 2025-04-02T22:42:29.409236 ===
Exercise: squat
Model type: random_forest
Data directory: collected_data
Models directory: models
Log file: training_logs/squat_random_forest_20250402_224229.log
============================================================
Loaded 574 training examples
Model accuracy: 0.2435
Classification report:
              precision    recall  f1-score   support

        good       0.05      0.04      0.05        23
    moderate       0.39      0.44      0.42        50
        poor       0.13      0.12      0.12        42

    accuracy                           0.24       115
   macro avg       0.19      0.20      0.20       115
weighted avg       0.23      0.24      0.23       115

Model saved to models/squat_random_forest_model.pkl

=== Training Results ===
Accuracy: 0.24347826086956523
Features used: 25
============================================================
Training completed successfully!
